Build started 18.10.2012 3:20:29.
     1>Project "c:\Users\Михаил\documents\visual studio 2010\Projects\task1\task1\task1.vcxproj" on node 2 (build target(s)).
     1>InitializeBuildStatus:
         Creating "Debug\task1.unsuccessfulbuild" because "AlwaysCreate" was specified.
       ClCompile:
         C:\Program Files\Microsoft Visual Studio 10.0\VC\bin\CL.exe /c /ZI /nologo /W3 /WX- /Od /Oy- /D WIN32 /D _DEBUG /D _CONSOLE /D _UNICODE /D UNICODE /Gm /EHsc /RTC1 /MDd /GS /fp:precise /Zc:wchar_t /Zc:forScope /Fo"Debug\\" /Fd"Debug\vc100.pdb" /Gd /TP /analyze- /errorReport:prompt task1.cpp
         task1.cpp
     1>c:\users\михаил\documents\visual studio 2010\projects\task1\task1\task1.cpp(101): warning C4996: 'itoa': The POSIX name for this item is deprecated. Instead, use the ISO C++ conformant name: _itoa. See online help for details.
                 c:\program files\microsoft visual studio 10.0\vc\include\stdlib.h(867) : see declaration of 'itoa'
     1>c:\users\михаил\documents\visual studio 2010\projects\task1\task1\task1.cpp(113): warning C4996: 'itoa': The POSIX name for this item is deprecated. Instead, use the ISO C++ conformant name: _itoa. See online help for details.
                 c:\program files\microsoft visual studio 10.0\vc\include\stdlib.h(867) : see declaration of 'itoa'
     1>c:\users\михаил\documents\visual studio 2010\projects\task1\task1\task1.cpp(141): warning C4996: 'itoa': The POSIX name for this item is deprecated. Instead, use the ISO C++ conformant name: _itoa. See online help for details.
                 c:\program files\microsoft visual studio 10.0\vc\include\stdlib.h(867) : see declaration of 'itoa'
     1>c:\users\михаил\documents\visual studio 2010\projects\task1\task1\task1.cpp(144): warning C4996: 'itoa': The POSIX name for this item is deprecated. Instead, use the ISO C++ conformant name: _itoa. See online help for details.
                 c:\program files\microsoft visual studio 10.0\vc\include\stdlib.h(867) : see declaration of 'itoa'
     1>c:\users\михаил\documents\visual studio 2010\projects\task1\task1\task1.cpp(156): warning C4996: 'itoa': The POSIX name for this item is deprecated. Instead, use the ISO C++ conformant name: _itoa. See online help for details.
                 c:\program files\microsoft visual studio 10.0\vc\include\stdlib.h(867) : see declaration of 'itoa'
     1>c:\users\михаил\documents\visual studio 2010\projects\task1\task1\task1.cpp(169): warning C4996: 'itoa': The POSIX name for this item is deprecated. Instead, use the ISO C++ conformant name: _itoa. See online help for details.
                 c:\program files\microsoft visual studio 10.0\vc\include\stdlib.h(867) : see declaration of 'itoa'
     1>c:\users\михаил\documents\visual studio 2010\projects\task1\task1\task1.cpp(63): warning C4996: 'scanf': This function or variable may be unsafe. Consider using scanf_s instead. To disable deprecation, use _CRT_SECURE_NO_WARNINGS. See online help for details.
                 c:\program files\microsoft visual studio 10.0\vc\include\stdio.h(304) : see declaration of 'scanf'
                 c:\users\михаил\documents\visual studio 2010\projects\task1\task1\task1.cpp(91) : see reference to function template instantiation 'T ProtectionInput<unsigned short>(T,T)' being compiled
                 with
                 [
                     T=unsigned short
                 ]
       ManifestResourceCompile:
         All outputs are up-to-date.
       Link:
         C:\Program Files\Microsoft Visual Studio 10.0\VC\bin\link.exe /ERRORREPORT:PROMPT /OUT:"c:\users\михаил\documents\visual studio 2010\Projects\task1\Debug\task1.exe" /INCREMENTAL /NOLOGO kernel32.lib user32.lib gdi32.lib winspool.lib comdlg32.lib advapi32.lib shell32.lib ole32.lib oleaut32.lib uuid.lib odbc32.lib odbccp32.lib /MANIFEST /ManifestFile:"Debug\task1.exe.intermediate.manifest" /MANIFESTUAC:"level='asInvoker' uiAccess='false'" /DEBUG /PDB:"c:\users\михаил\documents\visual studio 2010\Projects\task1\Debug\task1.pdb" /SUBSYSTEM:CONSOLE /TLBID:1 /DYNAMICBASE /NXCOMPAT /IMPLIB:"c:\users\михаил\documents\visual studio 2010\Projects\task1\Debug\task1.lib" /MACHINE:X86 Debug\task1.exe.embed.manifest.res
         Debug\task1.obj
       Manifest:
         C:\Program Files\Microsoft SDKs\Windows\v7.0A\bin\mt.exe /nologo /verbose /out:"Debug\task1.exe.embed.manifest" /manifest Debug\task1.exe.intermediate.manifest
         All outputs are up-to-date.
       LinkEmbedManifest:
         All outputs are up-to-date.
         task1.vcxproj -> c:\users\михаил\documents\visual studio 2010\Projects\task1\Debug\task1.exe
       FinalizeBuildStatus:
         Deleting file "Debug\task1.unsuccessfulbuild".
         Touching "Debug\task1.lastbuildstate".
     1>Done Building Project "c:\Users\Михаил\documents\visual studio 2010\Projects\task1\task1\task1.vcxproj" (build target(s)).

Build succeeded.

Time Elapsed 00:00:01.95
